<?xml version="1.0" encoding="UTF-8"?>
<!-- Generated by org.testng.reporters.JUnitXMLReporter -->
<testsuite ignored="0" hostname="Avaneesh-PC" failures="0" tests="3" name="Default test" time="131.746" errors="0" timestamp="2020-08-11T18:46:49 IST">
  <testcase classname="com.bixbytes.qa.cbooster.testcases.SignIn_Negative_Cases" name="signin_checktitle_action_case" time="2.22"/>
  <testcase classname="com.bixbytes.qa.cbooster.testcases.SignIn_Negative_Cases" name="signin_case_invalid_unpwd" time="13.079"/>
  <testcase classname="com.bixbytes.qa.cbooster.testcases.SignIn_Negative_Cases" name="signin_case_invalid_pwd" time="11.388"/>
</testsuite> <!-- Default test -->
