<?xml version="1.0" encoding="UTF-8"?>
<!-- Generated by org.testng.reporters.JUnitXMLReporter -->
<testsuite ignored="2" hostname="Avaneesh-PC" failures="0" tests="0" time="0.014" errors="0" timestamp="2020-08-17T18:33:06 IST">
  <testcase classname="com.bixbytes.qa.cbooster.testcases.SignIn_Positive_Testcases" name="sign_case_valid" time="0.0">
    <ignored/>
  </testcase> <!-- sign_case_valid -->
  <testcase classname="com.bixbytes.qa.cbooster.testcases.SignIn_Positive_Testcases" name="signin_checktitle_action_case" time="0.0">
    <ignored/>
  </testcase> <!-- signin_checktitle_action_case -->
</testsuite>
