<?xml version="1.0" encoding="UTF-8"?>
<!-- Generated by org.testng.reporters.JUnitXMLReporter -->
<testsuite ignored="1" hostname="Avaneesh-PC" failures="0" tests="2" name="SignInNegative" time="46.489" errors="0" timestamp="2020-08-17T18:33:53 IST">
  <testcase classname="com.bixbytes.qa.cbooster.testcases.SignIn_Negative_Cases" name="signin_case_invalid_unpwd" time="11.616"/>
  <testcase classname="com.bixbytes.qa.cbooster.testcases.SignIn_Negative_Cases" name="signin_case_invalid_pwd" time="11.412"/>
  <testcase classname="com.bixbytes.qa.cbooster.testcases.SignIn_Negative_Cases" name="signin_checktitle_action_case" time="0.0">
    <ignored/>
  </testcase> <!-- signin_checktitle_action_case -->
</testsuite> <!-- SignInNegative -->
