<?xml version="1.0" encoding="UTF-8"?>
<!-- Generated by org.testng.reporters.JUnitXMLReporter -->
<testsuite hostname="Avaneesh-PC" ignored="0" name="Admin Cases" tests="2" failures="0" timestamp="2020-08-04T13:22:00 IST" time="37.28" errors="0">
  <testcase name="checktitle_action_case" time="2.027" classname="com.bixbytes.qa.cbooster.testcases.SignIn_Testcases"/>
  <testcase name="login_case" time="3.24" classname="com.bixbytes.qa.cbooster.testcases.SignIn_Testcases"/>
</testsuite> <!-- Admin Cases -->
