<?xml version="1.0" encoding="UTF-8"?>
<!-- Generated by org.testng.reporters.JUnitXMLReporter -->
<testsuite hostname="DESKTOP-3DNI366" ignored="0" name="ConfigurationSLAPositive" tests="3" failures="0" timestamp="2020-09-07T16:26:31 IST" time="128.043" errors="0">
  <testcase name="tc1_click_sla_btn" time="8.092" classname="com.bixbytes.qa.cbooster.testcases.Configure_SLA_Positive_Testcases"/>
  <testcase name="tc2_add_sla" time="20.028" classname="com.bixbytes.qa.cbooster.testcases.Configure_SLA_Positive_Testcases"/>
  <testcase name="tc3_verify_added_sla" time="8.762" classname="com.bixbytes.qa.cbooster.testcases.Configure_SLA_Positive_Testcases"/>
</testsuite> <!-- ConfigurationSLAPositive -->
