<?xml version="1.0" encoding="UTF-8"?>
<!-- Generated by org.testng.reporters.JUnitXMLReporter -->
<testsuite ignored="0" hostname="Avaneesh-PC" failures="0" tests="3" name="ConfigurationPLPositive" time="192.708" errors="0" timestamp="2020-09-03T09:57:25 IST">
  <testcase classname="com.bixbytes.qa.cbooster.testcases.Configure_SLA_Positive_Testcases" name="tc1_click_sla_btn" time="15.731"/>
  <testcase classname="com.bixbytes.qa.cbooster.testcases.Configure_SLA_Positive_Testcases" name="tc2_add_sla" time="52.58"/>
  <testcase classname="com.bixbytes.qa.cbooster.testcases.Configure_SLA_Positive_Testcases" name="tc3_verify_added_sla" time="49.8"/>
</testsuite> <!-- ConfigurationPLPositive -->
