<?xml version="1.0" encoding="UTF-8"?>
<!-- Generated by org.testng.reporters.JUnitXMLReporter -->
<testsuite ignored="0" hostname="Avaneesh-PC" failures="0" tests="4" name="ConfigurationPositive" time="191.801" errors="0" timestamp="2020-08-26T10:00:34 IST">
  <testcase classname="com.bixbytes.qa.cbooster.testcases.Configure_Positive_Testcases" name="tc1_validate_configpage" time="8.695"/>
  <testcase classname="com.bixbytes.qa.cbooster.testcases.Configure_Positive_Testcases" name="tc2_click_overview_btn" time="15.017"/>
  <testcase classname="com.bixbytes.qa.cbooster.testcases.Configure_Positive_Testcases" name="tc3_click_producttype_btn" time="18.184"/>
  <testcase classname="com.bixbytes.qa.cbooster.testcases.Configure_Positive_Testcases" name="tc4_add_producttype" time="0.004"/>
</testsuite> <!-- ConfigurationPositive -->
