<?xml version="1.0" encoding="UTF-8"?>
<!-- Generated by org.testng.reporters.JUnitXMLReporter -->
<testsuite ignored="0" hostname="Avaneesh-PC" failures="0" tests="3" name="ConfigurationCurrencyPositive" time="153.122" errors="0" timestamp="2020-09-03T11:01:28 IST">
  <testcase classname="com.bixbytes.qa.cbooster.testcases.Configure_Currency_Positive_Testcases" name="tc1_click_currency_btn" time="17.779"/>
  <testcase classname="com.bixbytes.qa.cbooster.testcases.Configure_Currency_Positive_Testcases" name="tc2_add_currency" time="47.271"/>
  <testcase classname="com.bixbytes.qa.cbooster.testcases.Configure_Currency_Positive_Testcases" name="tc3_verify_addedCurrency" time="16.941"/>
</testsuite> <!-- ConfigurationCurrencyPositive -->
