<?xml version="1.0" encoding="UTF-8"?>
<!-- Generated by org.testng.reporters.JUnitXMLReporter -->
<testsuite hostname="DESKTOP-3DNI366" ignored="0" name="ConfigurationCurrencyPositive" tests="3" failures="0" timestamp="2020-09-07T16:29:04 IST" time="116.227" errors="0">
  <testcase name="tc1_click_currency_btn" time="6.486" classname="com.bixbytes.qa.cbooster.testcases.Configure_Currency_Positive_Testcases"/>
  <testcase name="tc2_add_currency" time="17.851" classname="com.bixbytes.qa.cbooster.testcases.Configure_Currency_Positive_Testcases"/>
  <testcase name="tc3_verify_addedCurrency" time="5.899" classname="com.bixbytes.qa.cbooster.testcases.Configure_Currency_Positive_Testcases"/>
</testsuite> <!-- ConfigurationCurrencyPositive -->
