<?xml version="1.0" encoding="UTF-8"?>
<!-- Generated by org.testng.reporters.JUnitXMLReporter -->
<testsuite ignored="0" hostname="Avaneesh-PC" failures="0" tests="5" name="ConfigurationPTPositive" time="155.381" errors="0" timestamp="2020-09-07T10:07:23 IST">
  <testcase classname="com.bixbytes.qa.cbooster.testcases.Configure_PT_Positive_Testcases" name="tc1_validate_configpage" time="3.154"/>
  <testcase classname="com.bixbytes.qa.cbooster.testcases.Configure_PT_Positive_Testcases" name="tc2_click_overview_btn" time="3.946"/>
  <testcase classname="com.bixbytes.qa.cbooster.testcases.Configure_PT_Positive_Testcases" name="tc3_click_producttype_btn" time="6.853"/>
  <testcase classname="com.bixbytes.qa.cbooster.testcases.Configure_PT_Positive_Testcases" name="tc4_add_producttype" time="17.924"/>
  <testcase classname="com.bixbytes.qa.cbooster.testcases.Configure_PT_Positive_Testcases" name="tc5_verify_addedProducttype" time="4.806"/>
</testsuite> <!-- ConfigurationPTPositive -->
