<?xml version="1.0" encoding="UTF-8"?>
<!-- Generated by org.testng.reporters.JUnitXMLReporter -->
<testsuite ignored="0" hostname="Avaneesh-PC" failures="0" tests="2" name="ConfigurationPositive" time="120.857" errors="0" timestamp="2020-08-28T12:07:08 IST">
  <testcase classname="com.bixbytes.qa.cbooster.testcases.Configure_Positive_Testcases" name="tc4_add_producttype" time="44.742"/>
  <testcase classname="com.bixbytes.qa.cbooster.testcases.Configure_Positive_Testcases" name="tc5_verify_addedProducttype" time="17.945"/>
</testsuite> <!-- ConfigurationPositive -->
