<?xml version="1.0" encoding="UTF-8"?>
<!-- Generated by org.testng.reporters.JUnitXMLReporter -->
<testsuite hostname="DESKTOP-3DNI366" ignored="0" name="ConfigurationPTPositive" tests="5" failures="0" timestamp="2020-09-07T16:21:19 IST" time="181.86" errors="0">
  <testcase name="tc1_validate_configpage" time="2.903" classname="com.bixbytes.qa.cbooster.testcases.Configure_PT_Positive_Testcases"/>
  <testcase name="tc2_click_overview_btn" time="4.346" classname="com.bixbytes.qa.cbooster.testcases.Configure_PT_Positive_Testcases"/>
  <testcase name="tc3_click_producttype_btn" time="5.433" classname="com.bixbytes.qa.cbooster.testcases.Configure_PT_Positive_Testcases"/>
  <testcase name="tc4_add_producttype" time="19.991" classname="com.bixbytes.qa.cbooster.testcases.Configure_PT_Positive_Testcases"/>
  <testcase name="tc5_verify_addedProducttype" time="6.579" classname="com.bixbytes.qa.cbooster.testcases.Configure_PT_Positive_Testcases"/>
</testsuite> <!-- ConfigurationPTPositive -->
