<?xml version="1.0" encoding="UTF-8"?>
<!-- Generated by org.testng.reporters.JUnitXMLReporter -->
<testsuite hostname="DESKTOP-3DNI366" ignored="0" name="ConfigurationPLPositive" tests="3" failures="0" timestamp="2020-09-07T16:23:45 IST" time="111.455" errors="0">
  <testcase name="tc1_click_productlevel_btn" time="5.433" classname="com.bixbytes.qa.cbooster.testcases.Configure_PL_Positive_Testcases"/>
  <testcase name="tc2_add_productlevel" time="18.901" classname="com.bixbytes.qa.cbooster.testcases.Configure_PL_Positive_Testcases"/>
  <testcase name="tc3_verify_addedProductlevel" time="5.746" classname="com.bixbytes.qa.cbooster.testcases.Configure_PL_Positive_Testcases"/>
</testsuite> <!-- ConfigurationPLPositive -->
