<?xml version="1.0" encoding="UTF-8"?>
<!-- Generated by org.testng.reporters.JUnitXMLReporter -->
<testsuite ignored="0" hostname="Avaneesh-PC" failures="0" tests="3" name="ForgotPasswordPositive" time="53.366" errors="0" timestamp="2020-08-20T11:36:22 IST">
  <testcase classname="com.bixbytes.qa.cbooster.testcases.ForgotPassword_Positive_Testcases" name="forgorpassword_displayed_check_case" time="0.713"/>
  <testcase classname="com.bixbytes.qa.cbooster.testcases.ForgotPassword_Positive_Testcases" name="validate_forgorpwd_page_case" time="5.83"/>
  <testcase classname="com.bixbytes.qa.cbooster.testcases.ForgotPassword_Positive_Testcases" name="forgot_password_submit_valid_case" time="1.61"/>
</testsuite> <!-- ForgotPasswordPositive -->
