<?xml version="1.0" encoding="UTF-8"?>
<!-- Generated by org.testng.reporters.JUnitXMLReporter -->
<testsuite ignored="0" hostname="Avaneesh-PC" failures="0" tests="3" name="ForgotPasswordPositive" time="58.424" errors="0" timestamp="2020-08-25T13:12:58 IST">
  <testcase classname="com.bixbytes.qa.cbooster.testcases.ForgotPassword_Positive_Testcases" name="forgorpassword_displayed_check_case" time="0.477"/>
  <testcase classname="com.bixbytes.qa.cbooster.testcases.ForgotPassword_Positive_Testcases" name="validate_forgorpwd_page_case" time="5.586"/>
  <testcase classname="com.bixbytes.qa.cbooster.testcases.ForgotPassword_Positive_Testcases" name="forgot_password_submit_valid_case" time="1.3"/>
</testsuite> <!-- ForgotPasswordPositive -->
