<?xml version="1.0" encoding="UTF-8"?>
<!-- Generated by org.testng.reporters.JUnitXMLReporter -->
<testsuite ignored="0" hostname="Avaneesh-PC" failures="0" tests="3" name="SignInPagePositive" time="69.585" errors="0" timestamp="2020-08-25T13:11:17 IST">
  <testcase classname="com.bixbytes.qa.cbooster.testcases.SignIn_Positive_Testcases" name="signin_checktitle_action_case" time="0.342"/>
  <testcase classname="com.bixbytes.qa.cbooster.testcases.SignIn_Positive_Testcases" name="sign_case_valid" time="2.207"/>
  <testcase classname="com.bixbytes.qa.cbooster.testcases.SignIn_Positive_Testcases" name="checktitle_afterlogin_case" time="9.489"/>
</testsuite> <!-- SignInPagePositive -->
