<?xml version="1.0" encoding="UTF-8"?>
<!-- Generated by org.testng.reporters.JUnitXMLReporter -->
<testsuite hostname="DESKTOP-3DNI366" ignored="0" name="SignInPageNegative" tests="2" failures="0" timestamp="2020-09-07T16:16:52 IST" time="47.269" errors="0">
  <testcase name="tc1_signin_checktitle_action_case" time="0.064" classname="com.bixbytes.qa.cbooster.testcases.SignIn_Negative_Cases"/>
  <testcase name="tc2_signin_case_invalid_unpwd" time="10.251" classname="com.bixbytes.qa.cbooster.testcases.SignIn_Negative_Cases"/>
</testsuite> <!-- SignInPageNegative -->
