<?xml version="1.0" encoding="UTF-8"?>
<testng-results ignored="0" total="2" passed="2" failed="0" skipped="0">
  <reporter-output>
  </reporter-output>
  <suite started-at="2020-08-27T19:03:18 IST" name="CBoosterTestSuite" finished-at="2020-08-27T19:05:57 IST" duration-ms="159044">
    <groups>
      <group name="FunctionalPositive">
        <method signature="Configure_Positive_Testcases.tc4_add_producttype()[pri:4, instance:com.bixbytes.qa.cbooster.testcases.Configure_Positive_Testcases@78e4deb0]" name="tc4_add_producttype" class="com.bixbytes.qa.cbooster.testcases.Configure_Positive_Testcases"/>
        <method signature="Configure_Positive_Testcases.tc5_verify_addedProducttype()[pri:5, instance:com.bixbytes.qa.cbooster.testcases.Configure_Positive_Testcases@78e4deb0]" name="tc5_verify_addedProducttype" class="com.bixbytes.qa.cbooster.testcases.Configure_Positive_Testcases"/>
      </group> <!-- FunctionalPositive -->
    </groups>
    <test started-at="2020-08-27T19:03:18 IST" name="ConfigurationPositive" finished-at="2020-08-27T19:05:57 IST" duration-ms="159044">
      <class name="com.bixbytes.qa.cbooster.testcases.Configure_Positive_Testcases">
        <test-method is-config="true" signature="setup()[pri:0, instance:com.bixbytes.qa.cbooster.testcases.Configure_Positive_Testcases@78e4deb0]" started-at="2020-08-27T19:03:18 IST" name="setup" finished-at="2020-08-27T19:04:23 IST" duration-ms="64930" status="PASS">
          <reporter-output>
          </reporter-output>
        </test-method> <!-- setup -->
        <test-method signature="tc4_add_producttype()[pri:4, instance:com.bixbytes.qa.cbooster.testcases.Configure_Positive_Testcases@78e4deb0]" started-at="2020-08-27T19:04:23 IST" name="tc4_add_producttype" finished-at="2020-08-27T19:05:08 IST" duration-ms="44735" status="PASS">
          <reporter-output>
          </reporter-output>
        </test-method> <!-- tc4_add_producttype -->
        <test-method is-config="true" signature="exitbrowser()[pri:0, instance:com.bixbytes.qa.cbooster.testcases.Configure_Positive_Testcases@78e4deb0]" started-at="2020-08-27T19:05:09 IST" name="exitbrowser" finished-at="2020-08-27T19:05:13 IST" duration-ms="3362" status="PASS">
          <reporter-output>
          </reporter-output>
        </test-method> <!-- exitbrowser -->
        <test-method is-config="true" signature="setup()[pri:0, instance:com.bixbytes.qa.cbooster.testcases.Configure_Positive_Testcases@78e4deb0]" started-at="2020-08-27T19:05:13 IST" name="setup" finished-at="2020-08-27T19:05:37 IST" duration-ms="24766" status="PASS">
          <reporter-output>
          </reporter-output>
        </test-method> <!-- setup -->
        <test-method signature="tc5_verify_addedProducttype()[pri:5, instance:com.bixbytes.qa.cbooster.testcases.Configure_Positive_Testcases@78e4deb0]" started-at="2020-08-27T19:05:37 IST" name="tc5_verify_addedProducttype" finished-at="2020-08-27T19:05:54 IST" depends-on-methods="com.bixbytes.qa.cbooster.testcases.Configure_Positive_Testcases.tc4_add_producttype" duration-ms="16655" status="PASS">
          <reporter-output>
          </reporter-output>
        </test-method> <!-- tc5_verify_addedProducttype -->
        <test-method is-config="true" signature="exitbrowser()[pri:0, instance:com.bixbytes.qa.cbooster.testcases.Configure_Positive_Testcases@78e4deb0]" started-at="2020-08-27T19:05:55 IST" name="exitbrowser" finished-at="2020-08-27T19:05:57 IST" duration-ms="2095" status="PASS">
          <reporter-output>
          </reporter-output>
        </test-method> <!-- exitbrowser -->
      </class> <!-- com.bixbytes.qa.cbooster.testcases.Configure_Positive_Testcases -->
    </test> <!-- ConfigurationPositive -->
  </suite> <!-- CBoosterTestSuite -->
</testng-results>
