<?xml version="1.0" encoding="UTF-8"?>
<testng-results skipped="0" failed="0" ignored="0" total="2" passed="2">
  <reporter-output>
  </reporter-output>
  <suite name="Test Suite" duration-ms="37280" started-at="2020-08-04T13:21:23 IST" finished-at="2020-08-04T13:22:00 IST">
    <groups>
    </groups>
    <test name="Admin Cases" duration-ms="37280" started-at="2020-08-04T13:21:23 IST" finished-at="2020-08-04T13:22:00 IST">
      <class name="com.bixbytes.qa.cbooster.testcases.SignIn_Testcases">
        <test-method status="PASS" signature="setup()[pri:0, instance:com.bixbytes.qa.cbooster.testcases.SignIn_Testcases@1d29cf23]" name="setup" is-config="true" duration-ms="12476" started-at="2020-08-04T13:21:23 IST" finished-at="2020-08-04T13:21:35 IST">
          <reporter-output>
          </reporter-output>
        </test-method> <!-- setup -->
        <test-method status="PASS" signature="checktitle_action_case()[pri:1, instance:com.bixbytes.qa.cbooster.testcases.SignIn_Testcases@1d29cf23]" name="checktitle_action_case" duration-ms="2027" started-at="2020-08-04T13:21:35 IST" finished-at="2020-08-04T13:21:37 IST">
          <reporter-output>
          </reporter-output>
        </test-method> <!-- checktitle_action_case -->
        <test-method status="PASS" signature="exitbrowser()[pri:0, instance:com.bixbytes.qa.cbooster.testcases.SignIn_Testcases@1d29cf23]" name="exitbrowser" is-config="true" duration-ms="3876" started-at="2020-08-04T13:21:37 IST" finished-at="2020-08-04T13:21:41 IST">
          <reporter-output>
          </reporter-output>
        </test-method> <!-- exitbrowser -->
        <test-method status="PASS" signature="setup()[pri:0, instance:com.bixbytes.qa.cbooster.testcases.SignIn_Testcases@1d29cf23]" name="setup" is-config="true" duration-ms="11467" started-at="2020-08-04T13:21:41 IST" finished-at="2020-08-04T13:21:53 IST">
          <reporter-output>
          </reporter-output>
        </test-method> <!-- setup -->
        <test-method status="PASS" signature="login_case()[pri:2, instance:com.bixbytes.qa.cbooster.testcases.SignIn_Testcases@1d29cf23]" name="login_case" duration-ms="3240" started-at="2020-08-04T13:21:53 IST" finished-at="2020-08-04T13:21:56 IST">
          <reporter-output>
          </reporter-output>
        </test-method> <!-- login_case -->
        <test-method status="PASS" signature="exitbrowser()[pri:0, instance:com.bixbytes.qa.cbooster.testcases.SignIn_Testcases@1d29cf23]" name="exitbrowser" is-config="true" duration-ms="4053" started-at="2020-08-04T13:21:56 IST" finished-at="2020-08-04T13:22:00 IST">
          <reporter-output>
          </reporter-output>
        </test-method> <!-- exitbrowser -->
      </class> <!-- com.bixbytes.qa.cbooster.testcases.SignIn_Testcases -->
    </test> <!-- Admin Cases -->
  </suite> <!-- Test Suite -->
</testng-results>
