<?xml version="1.0" encoding="UTF-8"?>
<!-- Generated by org.testng.reporters.JUnitXMLReporter -->
<testsuite ignored="0" hostname="Avaneesh-PC" failures="1" tests="1" name="Dashboard In Cases" time="10.27" errors="0" timestamp="2020-08-11T15:16:49 IST">
  <testcase classname="com.bixbytes.qa.cbooster.testcases.DashBoard_Positive_Testcases" name="checktitle_action_case" time="10.244">
    <failure type="java.lang.NullPointerException">
      <![CDATA[java.lang.NullPointerException
at org.openqa.selenium.support.pagefactory.DefaultElementLocator.findElement(DefaultElementLocator.java:69)
at org.openqa.selenium.support.pagefactory.internal.LocatingElementHandler.invoke(LocatingElementHandler.java:38)
at com.sun.proxy.$Proxy12.isDisplayed(Unknown Source)
at com.bixbytes.qa.cbooster.pagesactions.DashBoard.check_title_action(DashBoard.java:27)
at com.bixbytes.qa.cbooster.testcases.DashBoard_Positive_Testcases.checktitle_action_case(DashBoard_Positive_Testcases.java:40)
at java.base/java.util.ArrayList.forEach(ArrayList.java:1511)
... Removed 27 stack frames]]>
    </failure>
  </testcase> <!-- checktitle_action_case -->
</testsuite> <!-- Dashboard In Cases -->
