<?xml version="1.0" encoding="UTF-8"?>
<!-- Generated by org.testng.reporters.JUnitXMLReporter -->
<testsuite ignored="1" hostname="Avaneesh-PC" failures="1" tests="1" name="Login Negative Cases" time="1.064" errors="0" timestamp="2020-08-11T15:16:50 IST">
  <testcase classname="com.bixbytes.qa.cbooster.testcases.SignIn_Negative_Cases" name="checktitle_action_case" time="1.012">
    <failure type="java.lang.NullPointerException">
      <![CDATA[java.lang.NullPointerException
at com.bixbytes.qa.cbooster.testcases.SignIn_Negative_Cases.checktitle_action_case(SignIn_Negative_Cases.java:43)
at java.base/java.util.ArrayList.forEach(ArrayList.java:1511)
... Removed 27 stack frames]]>
    </failure>
  </testcase> <!-- checktitle_action_case -->
  <testcase classname="com.bixbytes.qa.cbooster.testcases.SignIn_Negative_Cases" name="login_case" time="0.0">
    <ignored/>
  </testcase> <!-- login_case -->
</testsuite> <!-- Login Negative Cases -->
