<?xml version="1.0" encoding="UTF-8"?>
<!-- Generated by org.testng.reporters.JUnitXMLReporter -->
<testsuite ignored="0" hostname="Avaneesh-PC" failures="0" tests="2" name="Sign In Cases" time="55.817" errors="0" timestamp="2020-08-06T10:42:55 IST">
  <testcase classname="com.bixbytes.qa.cbooster.testcases.SignIn_Positive_Testcases" name="checktitle_action_case" time="2.28"/>
  <testcase classname="com.bixbytes.qa.cbooster.testcases.SignIn_Positive_Testcases" name="login_case" time="6.91"/>
</testsuite> <!-- Sign In Cases -->
